Determining if the pthread_create exist failed with the following output:
Change Dir: /home/mark/mark_scripts/cpp_practice/downsampling_ptcloud/build/CMakeFiles/CMakeTmp

Run Build Command:"/usr/bin/make" "cmTC_1dbed/fast"
/usr/bin/make -f CMakeFiles/cmTC_1dbed.dir/build.make CMakeFiles/cmTC_1dbed.dir/build
make[1]: Entering directory '/home/mark/mark_scripts/cpp_practice/downsampling_ptcloud/build/CMakeFiles/CMakeTmp'
Building C object CMakeFiles/cmTC_1dbed.dir/CheckSymbolExists.c.o
/usr/bin/cc     -o CMakeFiles/cmTC_1dbed.dir/CheckSymbolExists.c.o   -c /home/mark/mark_scripts/cpp_practice/downsampling_ptcloud/build/CMakeFiles/CMakeTmp/CheckSymbolExists.c
Linking C executable cmTC_1dbed
/usr/bin/cmake -E cmake_link_script CMakeFiles/cmTC_1dbed.dir/link.txt --verbose=1
/usr/bin/cc       CMakeFiles/cmTC_1dbed.dir/CheckSymbolExists.c.o  -o cmTC_1dbed -rdynamic 
CMakeFiles/cmTC_1dbed.dir/CheckSymbolExists.c.o: 於函式 main:
CheckSymbolExists.c:(.text+0x16): 未定義參考到「pthread_create」
collect2: error: ld returned 1 exit status
CMakeFiles/cmTC_1dbed.dir/build.make:97: recipe for target 'cmTC_1dbed' failed
make[1]: *** [cmTC_1dbed] Error 1
make[1]: Leaving directory '/home/mark/mark_scripts/cpp_practice/downsampling_ptcloud/build/CMakeFiles/CMakeTmp'
Makefile:126: recipe for target 'cmTC_1dbed/fast' failed
make: *** [cmTC_1dbed/fast] Error 2

File /home/mark/mark_scripts/cpp_practice/downsampling_ptcloud/build/CMakeFiles/CMakeTmp/CheckSymbolExists.c:
/* */
#include <pthread.h>

int main(int argc, char** argv)
{
  (void)argv;
#ifndef pthread_create
  return ((int*)(&pthread_create))[argc];
#else
  (void)argc;
  return 0;
#endif
}

Determining if the function pthread_create exists in the pthreads failed with the following output:
Change Dir: /home/mark/mark_scripts/cpp_practice/downsampling_ptcloud/build/CMakeFiles/CMakeTmp

Run Build Command:"/usr/bin/make" "cmTC_ee5f6/fast"
/usr/bin/make -f CMakeFiles/cmTC_ee5f6.dir/build.make CMakeFiles/cmTC_ee5f6.dir/build
make[1]: Entering directory '/home/mark/mark_scripts/cpp_practice/downsampling_ptcloud/build/CMakeFiles/CMakeTmp'
Building C object CMakeFiles/cmTC_ee5f6.dir/CheckFunctionExists.c.o
/usr/bin/cc    -DCHECK_FUNCTION_EXISTS=pthread_create   -o CMakeFiles/cmTC_ee5f6.dir/CheckFunctionExists.c.o   -c /usr/share/cmake-3.5/Modules/CheckFunctionExists.c
Linking C executable cmTC_ee5f6
/usr/bin/cmake -E cmake_link_script CMakeFiles/cmTC_ee5f6.dir/link.txt --verbose=1
/usr/bin/cc   -DCHECK_FUNCTION_EXISTS=pthread_create    CMakeFiles/cmTC_ee5f6.dir/CheckFunctionExists.c.o  -o cmTC_ee5f6 -rdynamic -lpthreads 
/usr/bin/ld: 找不到 -lpthreads
collect2: error: ld returned 1 exit status
CMakeFiles/cmTC_ee5f6.dir/build.make:97: recipe for target 'cmTC_ee5f6' failed
make[1]: *** [cmTC_ee5f6] Error 1
make[1]: Leaving directory '/home/mark/mark_scripts/cpp_practice/downsampling_ptcloud/build/CMakeFiles/CMakeTmp'
Makefile:126: recipe for target 'cmTC_ee5f6/fast' failed
make: *** [cmTC_ee5f6/fast] Error 2


