Determining if the pthread_create exist failed with the following output:
Change Dir: /home/mark/mark_scripts/cpp_practice/Euclidean_Cluster_Extraction/build/CMakeFiles/CMakeTmp

Run Build Command:"/usr/bin/make" "cmTC_d81de/fast"
/usr/bin/make -f CMakeFiles/cmTC_d81de.dir/build.make CMakeFiles/cmTC_d81de.dir/build
make[1]: Entering directory '/home/mark/mark_scripts/cpp_practice/Euclidean_Cluster_Extraction/build/CMakeFiles/CMakeTmp'
Building C object CMakeFiles/cmTC_d81de.dir/CheckSymbolExists.c.o
/usr/bin/cc     -o CMakeFiles/cmTC_d81de.dir/CheckSymbolExists.c.o   -c /home/mark/mark_scripts/cpp_practice/Euclidean_Cluster_Extraction/build/CMakeFiles/CMakeTmp/CheckSymbolExists.c
Linking C executable cmTC_d81de
/usr/bin/cmake -E cmake_link_script CMakeFiles/cmTC_d81de.dir/link.txt --verbose=1
/usr/bin/cc       CMakeFiles/cmTC_d81de.dir/CheckSymbolExists.c.o  -o cmTC_d81de -rdynamic 
CMakeFiles/cmTC_d81de.dir/CheckSymbolExists.c.o: 於函式 main:
CheckSymbolExists.c:(.text+0x16): 未定義參考到「pthread_create」
collect2: error: ld returned 1 exit status
CMakeFiles/cmTC_d81de.dir/build.make:97: recipe for target 'cmTC_d81de' failed
make[1]: *** [cmTC_d81de] Error 1
make[1]: Leaving directory '/home/mark/mark_scripts/cpp_practice/Euclidean_Cluster_Extraction/build/CMakeFiles/CMakeTmp'
Makefile:126: recipe for target 'cmTC_d81de/fast' failed
make: *** [cmTC_d81de/fast] Error 2

File /home/mark/mark_scripts/cpp_practice/Euclidean_Cluster_Extraction/build/CMakeFiles/CMakeTmp/CheckSymbolExists.c:
/* */
#include <pthread.h>

int main(int argc, char** argv)
{
  (void)argv;
#ifndef pthread_create
  return ((int*)(&pthread_create))[argc];
#else
  (void)argc;
  return 0;
#endif
}

Determining if the function pthread_create exists in the pthreads failed with the following output:
Change Dir: /home/mark/mark_scripts/cpp_practice/Euclidean_Cluster_Extraction/build/CMakeFiles/CMakeTmp

Run Build Command:"/usr/bin/make" "cmTC_e83e2/fast"
/usr/bin/make -f CMakeFiles/cmTC_e83e2.dir/build.make CMakeFiles/cmTC_e83e2.dir/build
make[1]: Entering directory '/home/mark/mark_scripts/cpp_practice/Euclidean_Cluster_Extraction/build/CMakeFiles/CMakeTmp'
Building C object CMakeFiles/cmTC_e83e2.dir/CheckFunctionExists.c.o
/usr/bin/cc    -DCHECK_FUNCTION_EXISTS=pthread_create   -o CMakeFiles/cmTC_e83e2.dir/CheckFunctionExists.c.o   -c /usr/share/cmake-3.5/Modules/CheckFunctionExists.c
Linking C executable cmTC_e83e2
/usr/bin/cmake -E cmake_link_script CMakeFiles/cmTC_e83e2.dir/link.txt --verbose=1
/usr/bin/cc   -DCHECK_FUNCTION_EXISTS=pthread_create    CMakeFiles/cmTC_e83e2.dir/CheckFunctionExists.c.o  -o cmTC_e83e2 -rdynamic -lpthreads 
/usr/bin/ld: 找不到 -lpthreads
collect2: error: ld returned 1 exit status
CMakeFiles/cmTC_e83e2.dir/build.make:97: recipe for target 'cmTC_e83e2' failed
make[1]: *** [cmTC_e83e2] Error 1
make[1]: Leaving directory '/home/mark/mark_scripts/cpp_practice/Euclidean_Cluster_Extraction/build/CMakeFiles/CMakeTmp'
Makefile:126: recipe for target 'cmTC_e83e2/fast' failed
make: *** [cmTC_e83e2/fast] Error 2


