Determining if the pthread_create exist failed with the following output:
Change Dir: /home/mark/mark_scripts/cpp_practice/icp_practice/build/CMakeFiles/CMakeTmp

Run Build Command:"/usr/bin/make" "cmTC_c702a/fast"
/usr/bin/make -f CMakeFiles/cmTC_c702a.dir/build.make CMakeFiles/cmTC_c702a.dir/build
make[1]: Entering directory '/home/mark/mark_scripts/cpp_practice/icp_practice/build/CMakeFiles/CMakeTmp'
Building C object CMakeFiles/cmTC_c702a.dir/CheckSymbolExists.c.o
/usr/bin/cc     -o CMakeFiles/cmTC_c702a.dir/CheckSymbolExists.c.o   -c /home/mark/mark_scripts/cpp_practice/icp_practice/build/CMakeFiles/CMakeTmp/CheckSymbolExists.c
Linking C executable cmTC_c702a
/usr/bin/cmake -E cmake_link_script CMakeFiles/cmTC_c702a.dir/link.txt --verbose=1
/usr/bin/cc       CMakeFiles/cmTC_c702a.dir/CheckSymbolExists.c.o  -o cmTC_c702a -rdynamic 
CMakeFiles/cmTC_c702a.dir/CheckSymbolExists.c.o: 於函式 main:
CheckSymbolExists.c:(.text+0x16): 未定義參考到「pthread_create」
collect2: error: ld returned 1 exit status
CMakeFiles/cmTC_c702a.dir/build.make:97: recipe for target 'cmTC_c702a' failed
make[1]: *** [cmTC_c702a] Error 1
make[1]: Leaving directory '/home/mark/mark_scripts/cpp_practice/icp_practice/build/CMakeFiles/CMakeTmp'
Makefile:126: recipe for target 'cmTC_c702a/fast' failed
make: *** [cmTC_c702a/fast] Error 2

File /home/mark/mark_scripts/cpp_practice/icp_practice/build/CMakeFiles/CMakeTmp/CheckSymbolExists.c:
/* */
#include <pthread.h>

int main(int argc, char** argv)
{
  (void)argv;
#ifndef pthread_create
  return ((int*)(&pthread_create))[argc];
#else
  (void)argc;
  return 0;
#endif
}

Determining if the function pthread_create exists in the pthreads failed with the following output:
Change Dir: /home/mark/mark_scripts/cpp_practice/icp_practice/build/CMakeFiles/CMakeTmp

Run Build Command:"/usr/bin/make" "cmTC_69f8c/fast"
/usr/bin/make -f CMakeFiles/cmTC_69f8c.dir/build.make CMakeFiles/cmTC_69f8c.dir/build
make[1]: Entering directory '/home/mark/mark_scripts/cpp_practice/icp_practice/build/CMakeFiles/CMakeTmp'
Building C object CMakeFiles/cmTC_69f8c.dir/CheckFunctionExists.c.o
/usr/bin/cc    -DCHECK_FUNCTION_EXISTS=pthread_create   -o CMakeFiles/cmTC_69f8c.dir/CheckFunctionExists.c.o   -c /usr/share/cmake-3.5/Modules/CheckFunctionExists.c
Linking C executable cmTC_69f8c
/usr/bin/cmake -E cmake_link_script CMakeFiles/cmTC_69f8c.dir/link.txt --verbose=1
/usr/bin/cc   -DCHECK_FUNCTION_EXISTS=pthread_create    CMakeFiles/cmTC_69f8c.dir/CheckFunctionExists.c.o  -o cmTC_69f8c -rdynamic -lpthreads 
/usr/bin/ld: 找不到 -lpthreads
collect2: error: ld returned 1 exit status
CMakeFiles/cmTC_69f8c.dir/build.make:97: recipe for target 'cmTC_69f8c' failed
make[1]: *** [cmTC_69f8c] Error 1
make[1]: Leaving directory '/home/mark/mark_scripts/cpp_practice/icp_practice/build/CMakeFiles/CMakeTmp'
Makefile:126: recipe for target 'cmTC_69f8c/fast' failed
make: *** [cmTC_69f8c/fast] Error 2


