Determining if the pthread_create exist failed with the following output:
Change Dir: /home/mark/mark_scripts/cpp_practice/NDT/build/CMakeFiles/CMakeTmp

Run Build Command:"/usr/bin/make" "cmTC_bce16/fast"
/usr/bin/make -f CMakeFiles/cmTC_bce16.dir/build.make CMakeFiles/cmTC_bce16.dir/build
make[1]: Entering directory '/home/mark/mark_scripts/cpp_practice/NDT/build/CMakeFiles/CMakeTmp'
Building C object CMakeFiles/cmTC_bce16.dir/CheckSymbolExists.c.o
/usr/bin/cc     -o CMakeFiles/cmTC_bce16.dir/CheckSymbolExists.c.o   -c /home/mark/mark_scripts/cpp_practice/NDT/build/CMakeFiles/CMakeTmp/CheckSymbolExists.c
Linking C executable cmTC_bce16
/usr/bin/cmake -E cmake_link_script CMakeFiles/cmTC_bce16.dir/link.txt --verbose=1
/usr/bin/cc       CMakeFiles/cmTC_bce16.dir/CheckSymbolExists.c.o  -o cmTC_bce16 -rdynamic 
CMakeFiles/cmTC_bce16.dir/CheckSymbolExists.c.o: 於函式 main:
CheckSymbolExists.c:(.text+0x16): 未定義參考到「pthread_create」
collect2: error: ld returned 1 exit status
CMakeFiles/cmTC_bce16.dir/build.make:97: recipe for target 'cmTC_bce16' failed
make[1]: *** [cmTC_bce16] Error 1
make[1]: Leaving directory '/home/mark/mark_scripts/cpp_practice/NDT/build/CMakeFiles/CMakeTmp'
Makefile:126: recipe for target 'cmTC_bce16/fast' failed
make: *** [cmTC_bce16/fast] Error 2

File /home/mark/mark_scripts/cpp_practice/NDT/build/CMakeFiles/CMakeTmp/CheckSymbolExists.c:
/* */
#include <pthread.h>

int main(int argc, char** argv)
{
  (void)argv;
#ifndef pthread_create
  return ((int*)(&pthread_create))[argc];
#else
  (void)argc;
  return 0;
#endif
}

Determining if the function pthread_create exists in the pthreads failed with the following output:
Change Dir: /home/mark/mark_scripts/cpp_practice/NDT/build/CMakeFiles/CMakeTmp

Run Build Command:"/usr/bin/make" "cmTC_83d34/fast"
/usr/bin/make -f CMakeFiles/cmTC_83d34.dir/build.make CMakeFiles/cmTC_83d34.dir/build
make[1]: Entering directory '/home/mark/mark_scripts/cpp_practice/NDT/build/CMakeFiles/CMakeTmp'
Building C object CMakeFiles/cmTC_83d34.dir/CheckFunctionExists.c.o
/usr/bin/cc    -DCHECK_FUNCTION_EXISTS=pthread_create   -o CMakeFiles/cmTC_83d34.dir/CheckFunctionExists.c.o   -c /usr/share/cmake-3.5/Modules/CheckFunctionExists.c
Linking C executable cmTC_83d34
/usr/bin/cmake -E cmake_link_script CMakeFiles/cmTC_83d34.dir/link.txt --verbose=1
/usr/bin/cc   -DCHECK_FUNCTION_EXISTS=pthread_create    CMakeFiles/cmTC_83d34.dir/CheckFunctionExists.c.o  -o cmTC_83d34 -rdynamic -lpthreads 
/usr/bin/ld: 找不到 -lpthreads
collect2: error: ld returned 1 exit status
CMakeFiles/cmTC_83d34.dir/build.make:97: recipe for target 'cmTC_83d34' failed
make[1]: *** [cmTC_83d34] Error 1
make[1]: Leaving directory '/home/mark/mark_scripts/cpp_practice/NDT/build/CMakeFiles/CMakeTmp'
Makefile:126: recipe for target 'cmTC_83d34/fast' failed
make: *** [cmTC_83d34/fast] Error 2


